0 info it worked if it ends with ok
1 verbose cli [ 'node', '/usr/bin/npm', 'install', 'bower' ]
2 info using npm@1.3.12
3 info using node@v0.10.21
4 verbose node symlink /usr/bin/node
5 verbose cache add [ 'bower', null ]
6 verbose cache add name=undefined spec="bower" args=["bower",null]
7 verbose parsed url { protocol: null,
7 verbose parsed url   slashes: null,
7 verbose parsed url   auth: null,
7 verbose parsed url   host: null,
7 verbose parsed url   port: null,
7 verbose parsed url   hostname: null,
7 verbose parsed url   hash: null,
7 verbose parsed url   search: null,
7 verbose parsed url   query: null,
7 verbose parsed url   pathname: 'bower',
7 verbose parsed url   path: 'bower',
7 verbose parsed url   href: 'bower' }
8 silly lockFile 206e3ce5-bower bower
9 verbose lock bower /home/ruby/.npm/206e3ce5-bower.lock
10 silly lockFile 206e3ce5-bower bower
11 silly lockFile 206e3ce5-bower bower
12 verbose addNamed [ 'bower', '' ]
13 verbose addNamed [ null, '*' ]
14 silly lockFile 1240aab1-bower bower@
15 verbose lock bower@ /home/ruby/.npm/1240aab1-bower.lock
16 silly addNameRange { name: 'bower', range: '*', hasData: false }
17 verbose url raw bower
18 verbose url resolving [ 'https://registry.npmjs.org/', './bower' ]
19 verbose url resolved https://registry.npmjs.org/bower
20 info trying registry request attempt 1 at 17:02:04
21 http GET https://registry.npmjs.org/bower
22 info retry will retry, error on last attempt: Error: socket hang up
23 info trying registry request attempt 2 at 17:02:45
24 http GET https://registry.npmjs.org/bower
25 http 200 https://registry.npmjs.org/bower
26 silly registry.get cb [ 200,
26 silly registry.get   { vary: 'Accept',
26 silly registry.get     server: 'CouchDB/1.3.1 (Erlang OTP/R15B03)',
26 silly registry.get     etag: '"3QPEH1RUWTK7B0FOLASLCY1YI"',
26 silly registry.get     date: 'Wed, 13 Nov 2013 16:03:24 GMT',
26 silly registry.get     'content-type': 'application/json',
26 silly registry.get     'content-length': '639950' } ]
27 silly addNameRange number 2 { name: 'bower', range: '*', hasData: true }
28 silly addNameRange versions [ 'bower',
28 silly addNameRange   [ '0.1.0',
28 silly addNameRange     '0.1.2',
28 silly addNameRange     '0.1.3',
28 silly addNameRange     '0.2.0',
28 silly addNameRange     '0.3.0',
28 silly addNameRange     '0.3.1',
28 silly addNameRange     '0.3.2',
28 silly addNameRange     '0.4.0',
28 silly addNameRange     '0.5.0',
28 silly addNameRange     '0.5.1',
28 silly addNameRange     '0.6.0',
28 silly addNameRange     '0.6.1',
28 silly addNameRange     '0.6.2',
28 silly addNameRange     '0.6.3',
28 silly addNameRange     '0.6.4',
28 silly addNameRange     '0.6.5',
28 silly addNameRange     '0.6.6',
28 silly addNameRange     '0.6.7',
28 silly addNameRange     '0.6.8',
28 silly addNameRange     '0.7.0',
28 silly addNameRange     '0.7.1',
28 silly addNameRange     '0.8.0',
28 silly addNameRange     '0.8.1',
28 silly addNameRange     '0.8.2',
28 silly addNameRange     '0.8.3',
28 silly addNameRange     '0.8.4',
28 silly addNameRange     '0.8.5',
28 silly addNameRange     '0.8.6',
28 silly addNameRange     '0.9.0',
28 silly addNameRange     '0.9.1',
28 silly addNameRange     '0.9.2',
28 silly addNameRange     '0.10.0',
28 silly addNameRange     '1.0.0',
28 silly addNameRange     '1.0.1',
28 silly addNameRange     '1.0.2',
28 silly addNameRange     '1.0.3',
28 silly addNameRange     '1.1.0',
28 silly addNameRange     '1.1.1',
28 silly addNameRange     '1.1.2',
28 silly addNameRange     '1.2.0',
28 silly addNameRange     '1.2.1',
28 silly addNameRange     '1.2.2',
28 silly addNameRange     '1.2.3',
28 silly addNameRange     '1.2.4',
28 silly addNameRange     '1.2.5',
28 silly addNameRange     '1.2.6',
28 silly addNameRange     '1.2.7' ] ]
29 verbose addNamed [ 'bower', '1.2.7' ]
30 verbose addNamed [ '1.2.7', '1.2.7' ]
31 silly lockFile d87c9af5-bower-1-2-7 bower@1.2.7
32 verbose lock bower@1.2.7 /home/ruby/.npm/d87c9af5-bower-1-2-7.lock
33 silly lockFile 1308ca41--npmjs-org-bower-bower-1-2-7-tgz https://registry.npmjs.org/bower/-/bower-1.2.7.tgz
34 verbose lock https://registry.npmjs.org/bower/-/bower-1.2.7.tgz /home/ruby/.npm/1308ca41--npmjs-org-bower-bower-1-2-7-tgz.lock
35 verbose addRemoteTarball [ 'https://registry.npmjs.org/bower/-/bower-1.2.7.tgz',
35 verbose addRemoteTarball   '5b0505c8192bd61a752a7cf8b718d1b3054cd554' ]
36 info retry fetch attempt 1 at 17:03:26
37 verbose fetch to= /home/ruby/tmp/npm-6386-d0_NvkID/1384358606036-0.9643741750624031/tmp.tgz
38 http GET https://registry.npmjs.org/bower/-/bower-1.2.7.tgz
39 error fetch failed https://registry.npmjs.org/bower/-/bower-1.2.7.tgz
40 info retry will retry, error on last attempt: Error: socket hang up
41 info retry fetch attempt 2 at 17:04:00
42 verbose fetch to= /home/ruby/tmp/npm-6386-d0_NvkID/1384358606036-0.9643741750624031/tmp.tgz
43 http GET https://registry.npmjs.org/bower/-/bower-1.2.7.tgz
44 error fetch failed https://registry.npmjs.org/bower/-/bower-1.2.7.tgz
45 info retry will retry, error on last attempt: Error: socket hang up
46 info retry fetch attempt 3 at 17:05:22
47 verbose fetch to= /home/ruby/tmp/npm-6386-d0_NvkID/1384358606036-0.9643741750624031/tmp.tgz
48 http GET https://registry.npmjs.org/bower/-/bower-1.2.7.tgz
49 http 500 https://registry.npmjs.org/bower/-/bower-1.2.7.tgz
50 error fetch failed https://registry.npmjs.org/bower/-/bower-1.2.7.tgz
51 silly lockFile 1308ca41--npmjs-org-bower-bower-1-2-7-tgz https://registry.npmjs.org/bower/-/bower-1.2.7.tgz
52 silly lockFile 1308ca41--npmjs-org-bower-bower-1-2-7-tgz https://registry.npmjs.org/bower/-/bower-1.2.7.tgz
53 silly lockFile d87c9af5-bower-1-2-7 bower@1.2.7
54 silly lockFile d87c9af5-bower-1-2-7 bower@1.2.7
55 silly lockFile 1240aab1-bower bower@
56 silly lockFile 1240aab1-bower bower@
57 error Error: 500 Internal Server Error
57 error     at WriteStream.<anonymous> (/usr/lib/nodejs/npm/lib/utils/fetch.js:57:12)
57 error     at WriteStream.EventEmitter.emit (events.js:117:20)
57 error     at fs.js:1596:14
57 error     at /usr/lib/nodejs/npm/node_modules/graceful-fs/graceful-fs.js:103:5
57 error     at Object.oncomplete (fs.js:107:15)
58 error If you need help, you may report this log at:
58 error     <http://github.com/isaacs/npm/issues>
58 error or email it to:
58 error     <npm-@googlegroups.com>
59 error System Linux 3.11.0-12-generic
60 error command "node" "/usr/bin/npm" "install" "bower"
61 error cwd /home/ruby/rails/gestion
62 error node -v v0.10.21
63 error npm -v 1.3.12
64 verbose exit [ 1, true ]
